[debug] [2019-01-02T07:09:47.651Z] ----------------------------------------------------------------------
[debug] [2019-01-02T07:09:47.653Z] Command:       C:\Program Files\nodejs\node.exe C:\Users\Aidan\AppData\Roaming\npm\node_modules\firebase-tools\lib\bin\firebase.js init
[debug] [2019-01-02T07:09:47.653Z] CLI Version:   6.2.2
[debug] [2019-01-02T07:09:47.654Z] Platform:      win32
[debug] [2019-01-02T07:09:47.654Z] Node Version:  v8.11.1
[debug] [2019-01-02T07:09:47.654Z] Time:          Tue Jan 01 2019 23:09:47 GMT-0800 (Pacific Standard Time)
[debug] [2019-01-02T07:09:47.654Z] ----------------------------------------------------------------------
[debug] 
[debug] [2019-01-02T07:09:47.659Z] > command requires scopes: ["email","openid","https://www.googleapis.com/auth/cloudplatformprojects.readonly","https://www.googleapis.com/auth/firebase","https://www.googleapis.com/auth/cloud-platform"]
[debug] [2019-01-02T07:09:47.660Z] > authorizing via signed-in user
[info] 
     ######## #### ########  ######## ########     ###     ######  ########
     ##        ##  ##     ## ##       ##     ##  ##   ##  ##       ##
     ######    ##  ########  ######   ########  #########  ######  ######
     ##        ##  ##    ##  ##       ##     ## ##     ##       ## ##
     ##       #### ##     ## ######## ########  ##     ##  ######  ########

You're about to initialize a Firebase project in this directory:

  C:\xampp\htdocs\VineConnect

Before we get started, keep in mind:

  * You are currently outside your home directory

[info] 
=== Project Setup
[info] 
[info] First, let's associate this project directory with a Firebase project.
[info] You can create multiple project aliases by running firebase use --add, 
[info] but for now we'll just set up a default project.
[info] 
[debug] [2019-01-02T07:10:01.892Z] > refreshing access token with scopes: ["email","https://www.googleapis.com/auth/cloud-platform","https://www.googleapis.com/auth/cloudplatformprojects.readonly","https://www.googleapis.com/auth/firebase","openid"]
[debug] [2019-01-02T07:10:01.892Z] >>> HTTP REQUEST POST https://www.googleapis.com/oauth2/v3/token  
 <request body omitted>
[debug] [2019-01-02T07:10:02.120Z] <<< HTTP RESPONSE 200
[debug] [2019-01-02T07:10:02.133Z] >>> HTTP REQUEST GET https://firebase.googleapis.com/v1beta1/projects?page_size=100  
 
[debug] [2019-01-02T07:10:02.592Z] <<< HTTP RESPONSE 200
[info] i  Using project vineconnect-c67e0 (VineConnect)
[info] 
=== Database Setup
[info] 
[info] Firebase Realtime Database Rules allow you to define how your data should be
[info] structured and when your data can be read from and written to.
[info] 
[debug] [2019-01-02T07:10:12.015Z] >>> HTTP REQUEST GET https://vineconnect-c67e0.firebaseio.com/.settings/rules.json  
 
[debug] [2019-01-02T07:10:12.410Z] <<< HTTP RESPONSE 200
[info] +  Database Rules for vineconnect-c67e0 have been downloaded to database.rules.json.
[info] Future modifications to database.rules.json will update Database Rules when you run
[info] firebase deploy.
[info] 
=== Firestore Setup
[debug] [2019-01-02T07:10:12.436Z] > command requires scopes: ["email","openid","https://www.googleapis.com/auth/cloudplatformprojects.readonly","https://www.googleapis.com/auth/firebase","https://www.googleapis.com/auth/cloud-platform"]
[debug] [2019-01-02T07:10:12.439Z] > authorizing via signed-in user
[debug] [2019-01-02T07:10:12.441Z] >>> HTTP REQUEST GET https://firebase.googleapis.com/v1beta1/projects/vineconnect-c67e0  
 
[debug] [2019-01-02T07:10:12.626Z] <<< HTTP RESPONSE 200
[info] 
[info] Firestore Security Rules allow you to define how and when to allow
[info] requests. You can keep these rules in your project directory
[info] and publish them with firebase deploy.
[info] 
[debug] [2019-01-02T07:10:15.470Z] >>> HTTP REQUEST GET https://firebaserules.googleapis.com/v1/projects/vineconnect-c67e0/releases  
 
[debug] [2019-01-02T07:10:15.934Z] <<< HTTP RESPONSE 200
[debug] [2019-01-02T07:10:15.935Z] Found ruleset: projects/vineconnect-c67e0/rulesets/3d463446-1d91-4236-940c-1507fbed90a9
[debug] [2019-01-02T07:10:15.935Z] >>> HTTP REQUEST GET https://firebaserules.googleapis.com/v1/projects/vineconnect-c67e0/rulesets/3d463446-1d91-4236-940c-1507fbed90a9  
 
[debug] [2019-01-02T07:10:16.334Z] <<< HTTP RESPONSE 200
[info] 
[info] Firestore indexes allow you to perform complex queries while
[info] maintaining performance that scales with the size of the result
[info] set. You can keep index definitions in your project directory
[info] and publish them with firebase deploy.
[info] 
[debug] [2019-01-02T07:10:17.358Z] >>> HTTP REQUEST GET https://firestore.googleapis.com/v1beta2/projects/vineconnect-c67e0/databases/(default)/collectionGroups/-/indexes  
 
[debug] [2019-01-02T07:10:17.358Z] >>> HTTP REQUEST GET https://firestore.googleapis.com/v1beta2/projects/vineconnect-c67e0/databases/(default)/collectionGroups/-/fields?filter=indexConfig.usesAncestorConfig=false  
 
[debug] [2019-01-02T07:10:18.409Z] <<< HTTP RESPONSE 200
[debug] [2019-01-02T07:10:18.529Z] <<< HTTP RESPONSE 200
[info] 
=== Functions Setup
[info] 
[info] A functions directory will be created in your project with a Node.js
[info] package pre-configured. Functions can be deployed with firebase deploy.
[info] 
[debug] [2019-01-02T07:10:18.544Z] > command requires scopes: ["email","openid","https://www.googleapis.com/auth/cloudplatformprojects.readonly","https://www.googleapis.com/auth/firebase","https://www.googleapis.com/auth/cloud-platform"]
[debug] [2019-01-02T07:10:18.546Z] > authorizing via signed-in user
[debug] [2019-01-02T07:10:18.547Z] >>> HTTP REQUEST GET https://firebase.googleapis.com/v1beta1/projects/vineconnect-c67e0  
 
[debug] [2019-01-02T07:10:18.993Z] <<< HTTP RESPONSE 200
[debug] [2019-01-02T07:10:18.999Z] >>> HTTP REQUEST PATCH https://servicemanagement.googleapis.com/v1/services/cloudfunctions.googleapis.com/projectSettings/vineconnect-c67e0?updateMask=usageSettings  

[debug] [2019-01-02T07:10:19.000Z] >>> HTTP REQUEST PATCH https://servicemanagement.googleapis.com/v1/services/runtimeconfig.googleapis.com/projectSettings/vineconnect-c67e0?updateMask=usageSettings  

[debug] [2019-01-02T07:10:20.281Z] <<< HTTP RESPONSE 200
[debug] [2019-01-02T07:10:20.289Z] <<< HTTP RESPONSE 200
[info] +  Wrote functions/package.json
[info] +  Wrote functions/.eslintrc.json
[info] +  Wrote functions/index.js
